

> @quran-monorepo/quran-data-api@1.0.1 prebuild /Users/kalyannath/quranexpo2/apps/quran-data-api
> prisma generate

[2mEnvironment variables loaded from .env[22m
[2mPrisma schema loaded from prisma/schema.prisma[22m

âœ” Generated [1mPrisma Client[22m (v5.16.2)[2m to ./prisma/generated/client[22m in 73ms

[1mStart using Prisma Client[22m
[2m```[22m
[36mimport[39m [34m{[39m PrismaClient [34m}[39m [36mfrom[39m [1m[32m'./prisma/generated/client'[39m[22m
[36mconst[39m prisma = [36mnew[39m PrismaClient[34m([39m[34m)[39m
[2m```[22m

More information: https://pris.ly/d/client

[90m[90mâ”Œâ”€[39m[90m[90mâ”€â”€â”€â”€â”€â”€â”€â”€â”€â”€â”€â”€â”€â”€â”€â”€â”€â”€â”€â”€â”€â”€â”€â”€â”€â”€â”€â”€â”€â”€â”€â”€â”€â”€â”€â”€â”€â”€â”€â”€â”€â”€â”€â”€â”€â”€â”€â”€â”€â”€â”€â”€â”€â”€â”€â”€â”€â”€â”€â”€â”[39m[90m
[90mâ”‚[39m[90m  [0mDeploying your app to serverless or edge functions?[0m        [90mâ”‚[39m[90m
[90mâ”‚[39m[90m  [0mTry Prisma Accelerate for connection pooling and caching.[0m  [90mâ”‚[39m[90m
[90mâ”‚[39m[90m  [0m[4mhttps://pris.ly/cli/--accelerate[24m[0m                           [90mâ”‚[39m[90m
â””â”€â”€â”€â”€â”€â”€â”€â”€â”€â”€â”€â”€â”€â”€â”€â”€â”€â”€â”€â”€â”€â”€â”€â”€â”€â”€â”€â”€â”€â”€â”€â”€â”€â”€â”€â”€â”€â”€â”€â”€â”€â”€â”€â”€â”€â”€â”€â”€â”€â”€â”€â”€â”€â”€â”€â”€â”€â”€â”€â”€â”€â”˜[39m

[90m[90mâ”Œâ”€[39m[90m[90mâ”€â”€â”€â”€â”€â”€â”€â”€â”€â”€â”€â”€â”€â”€â”€â”€â”€â”€â”€â”€â”€â”€â”€â”€â”€â”€â”€â”€â”€â”€â”€â”€â”€â”€â”€â”€â”€â”€â”€â”€â”€â”€â”€â”€â”€â”€â”€â”€â”€â”€â”€â”€â”€â”€â”€â”€â”[39m[90m
[90mâ”‚[39m[90m  [0m[34mUpdate available[39m[90m 5.16.2 -> 6.9.0[0m                       [90mâ”‚[39m[90m
[90mâ”‚[39m[90m  [0m[0m                                                       [90mâ”‚[39m[90m
[90mâ”‚[39m[90m  [0mThis is a major update - please follow the guide at[0m    [90mâ”‚[39m[90m
[90mâ”‚[39m[90m  [0mhttps://pris.ly/d/major-version-upgrade[0m                [90mâ”‚[39m[90m
[90mâ”‚[39m[90m  [0m[0m                                                       [90mâ”‚[39m[90m
[90mâ”‚[39m[90m  [0mRun the following to update[0m                            [90mâ”‚[39m[90m
[90mâ”‚[39m[90m  [0m  [1mnpm i --save-dev prisma@latest[22m[0m                       [90mâ”‚[39m[90m
[90mâ”‚[39m[90m  [0m  [1mnpm i @prisma/client@latest[22m[0m                          [90mâ”‚[39m[90m
â””â”€â”€â”€â”€â”€â”€â”€â”€â”€â”€â”€â”€â”€â”€â”€â”€â”€â”€â”€â”€â”€â”€â”€â”€â”€â”€â”€â”€â”€â”€â”€â”€â”€â”€â”€â”€â”€â”€â”€â”€â”€â”€â”€â”€â”€â”€â”€â”€â”€â”€â”€â”€â”€â”€â”€â”€â”€â”˜[39m

> @quran-monorepo/quran-data-api@1.0.1 build /Users/kalyannath/quranexpo2/apps/quran-data-api
> prisma generate && tsc -p api/tsconfig.json

[2mEnvironment variables loaded from .env[22m
[2mPrisma schema loaded from prisma/schema.prisma[22m

âœ” Generated [1mPrisma Client[22m (v5.16.2)[2m to ./prisma/generated/client[22m in 62ms

[1mStart using Prisma Client[22m
[2m```[22m
[36mimport[39m [34m{[39m PrismaClient [34m}[39m [36mfrom[39m [1m[32m'./prisma/generated/client'[39m[22m
[36mconst[39m prisma = [36mnew[39m PrismaClient[34m([39m[34m)[39m
[2m```[22m

More information: https://pris.ly/d/client

[90m[90mâ”Œâ”€[39m[90m[90mâ”€â”€â”€â”€â”€â”€â”€â”€â”€â”€â”€â”€â”€â”€â”€â”€â”€â”€â”€â”€â”€â”€â”€â”€â”€â”€â”€â”€â”€â”€â”€â”€â”€â”€â”€â”€â”€â”€â”€â”€â”€â”€â”€â”€â”€â”€â”€â”€â”€â”€â”€â”€â”€â”€â”€â”€â”€â”€â”€â”€â”[39m[90m
[90mâ”‚[39m[90m  [0mDeploying your app to serverless or edge functions?[0m        [90mâ”‚[39m[90m
[90mâ”‚[39m[90m  [0mTry Prisma Accelerate for connection pooling and caching.[0m  [90mâ”‚[39m[90m
[90mâ”‚[39m[90m  [0m[4mhttps://pris.ly/cli/--accelerate[24m[0m                           [90mâ”‚[39m[90m
â””â”€â”€â”€â”€â”€â”€â”€â”€â”€â”€â”€â”€â”€â”€â”€â”€â”€â”€â”€â”€â”€â”€â”€â”€â”€â”€â”€â”€â”€â”€â”€â”€â”€â”€â”€â”€â”€â”€â”€â”€â”€â”€â”€â”€â”€â”€â”€â”€â”€â”€â”€â”€â”€â”€â”€â”€â”€â”€â”€â”€â”€â”˜[39m

